<?xml version="1.0" encoding="UTF-8"?>
<testng-results ignored="0" total="1" passed="1" failed="0" skipped="0">
  <reporter-output>
  </reporter-output>
  <suite started-at="2023-05-22T22:01:27 IST" name="Default suite" finished-at="2023-05-22T22:01:49 IST" duration-ms="22288">
    <groups>
    </groups>
    <test started-at="2023-05-22T22:01:27 IST" name="Default test" finished-at="2023-05-22T22:01:49 IST" duration-ms="22288">
      <class name="appium_bee.TestngWithEmulator">
        <test-method is-config="true" signature="setup()[pri:0, instance:appium_bee.TestngWithEmulator@2c35e847]" started-at="2023-05-22T22:01:27 IST" name="setup" finished-at="2023-05-22T22:01:45 IST" duration-ms="18765" status="PASS">
          <reporter-output>
          </reporter-output>
        </test-method> <!-- setup -->
        <test-method signature="testSearch()[pri:0, instance:appium_bee.TestngWithEmulator@2c35e847]" started-at="2023-05-22T22:01:45 IST" name="testSearch" finished-at="2023-05-22T22:01:49 IST" duration-ms="3133" status="PASS">
          <reporter-output>
          </reporter-output>
        </test-method> <!-- testSearch -->
        <test-method is-config="true" signature="teardown()[pri:0, instance:appium_bee.TestngWithEmulator@2c35e847]" started-at="2023-05-22T22:01:49 IST" name="teardown" finished-at="2023-05-22T22:01:49 IST" duration-ms="347" status="PASS">
          <reporter-output>
          </reporter-output>
        </test-method> <!-- teardown -->
      </class> <!-- appium_bee.TestngWithEmulator -->
    </test> <!-- Default test -->
  </suite> <!-- Default suite -->
</testng-results>
